2018-01-18T11:18:56.1191671+08:00 [INF] (SerilogSample/LT-OME-T-MY) User profile is available. Using '"C:\Users\ome\AppData\Local\ASP.NET\DataProtection-Keys"' as key repository and Windows DPAPI to encrypt keys at rest.
2018-01-18T11:19:06.3354876+08:00 [INF] (SerilogSample/LT-OME-T-MY) Request starting HTTP/1.1 GET http://localhost:51085/  
2018-01-18T11:19:06.5215261+08:00 [INF] (SerilogSample/LT-OME-T-MY) Request finished in 195.2537ms 200 
2018-01-18T11:19:06.6555011+08:00 [INF] (SerilogSample/LT-OME-T-MY) Request starting HTTP/1.1 GET http://localhost:51085/favicon.ico  
2018-01-18T11:19:06.7965277+08:00 [INF] (SerilogSample/LT-OME-T-MY) Request finished in 141.0531ms 200 
2018-01-18T11:19:14.6181191+08:00 [INF] (SerilogSample/LT-OME-T-MY) Request starting HTTP/1.1 GET http://localhost:51085/api/graph  
2018-01-18T11:19:14.6235987+08:00 [INF] (SerilogSample/LT-OME-T-MY) Policy execution successful.
2018-01-18T11:19:14.9665152+08:00 [INF] (SerilogSample/LT-OME-T-MY) GraphController: loaded
2018-01-18T11:19:15.0096599+08:00 [INF] (SerilogSample/LT-OME-T-MY) Executing action method "SCPersonalizationGraph.Controllers.GraphController.Get (SCPersonalizationGraph)" with arguments (null) - ModelState is Valid
2018-01-18T11:19:16.4727134+08:00 [INF] (SerilogSample/LT-OME-T-MY) Executing ObjectResult, writing value "Microsoft.AspNetCore.Mvc.ControllerContext".
2018-01-18T11:19:16.6285376+08:00 [INF] (SerilogSample/LT-OME-T-MY) Executed action "SCPersonalizationGraph.Controllers.GraphController.Get (SCPersonalizationGraph)" in 1666.2534ms
2018-01-18T11:19:16.6351262+08:00 [INF] (SerilogSample/LT-OME-T-MY) Request finished in 2016.9674ms 200 application/json; charset=utf-8
2018-01-18T11:19:39.9008168+08:00 [INF] (SerilogSample/LT-OME-T-MY) Request starting HTTP/1.1 GET http://localhost:51085/api/graph  
2018-01-18T11:19:39.9037854+08:00 [INF] (SerilogSample/LT-OME-T-MY) Policy execution successful.
2018-01-18T11:19:39.9075522+08:00 [INF] (SerilogSample/LT-OME-T-MY) GraphController: loaded
2018-01-18T11:19:39.9117991+08:00 [INF] (SerilogSample/LT-OME-T-MY) Executing action method "SCPersonalizationGraph.Controllers.GraphController.Get (SCPersonalizationGraph)" with arguments (null) - ModelState is Valid
2018-01-18T11:19:39.9234904+08:00 [INF] (SerilogSample/LT-OME-T-MY) Executing ObjectResult, writing value "Microsoft.AspNetCore.Mvc.ControllerContext".
2018-01-18T11:19:39.9283575+08:00 [INF] (SerilogSample/LT-OME-T-MY) Executed action "SCPersonalizationGraph.Controllers.GraphController.Get (SCPersonalizationGraph)" in 21.1108ms
2018-01-18T11:19:39.9357613+08:00 [INF] (SerilogSample/LT-OME-T-MY) Request finished in 34.9755ms 200 application/json; charset=utf-8
2018-01-18T11:21:48.7988169+08:00 [INF] (SerilogSample/LT-OME-T-MY) Request starting HTTP/1.1 GET http://localhost:51085/api/graph  
2018-01-18T11:21:50.3935259+08:00 [INF] (SerilogSample/LT-OME-T-MY) Policy execution successful.
2018-01-18T11:21:51.5682064+08:00 [INF] (SerilogSample/LT-OME-T-MY) GraphController: loaded
2018-01-18T11:21:51.9783064+08:00 [INF] (SerilogSample/LT-OME-T-MY) Executing action method "SCPersonalizationGraph.Controllers.GraphController.Get (SCPersonalizationGraph)" with arguments (null) - ModelState is Valid
2018-01-18T11:21:52.0067214+08:00 [INF] (SerilogSample/LT-OME-T-MY) Executing ObjectResult, writing value "Microsoft.AspNetCore.Mvc.ControllerContext".
2018-01-18T11:21:52.0318749+08:00 [INF] (SerilogSample/LT-OME-T-MY) Executed action "SCPersonalizationGraph.Controllers.GraphController.Get (SCPersonalizationGraph)" in 463.6765ms
2018-01-18T11:21:52.0473188+08:00 [INF] (SerilogSample/LT-OME-T-MY) Request finished in 3248.3545ms 200 application/json; charset=utf-8
2018-01-18T11:22:25.5949847+08:00 [INF] (SerilogSample/LT-OME-T-MY) Request starting HTTP/1.1 GET http://localhost:51085/api/graph  
2018-01-18T11:22:25.6295470+08:00 [INF] (SerilogSample/LT-OME-T-MY) Policy execution successful.
2018-01-18T11:22:25.6611348+08:00 [INF] (SerilogSample/LT-OME-T-MY) GraphController: loaded
2018-01-18T11:22:26.7934417+08:00 [INF] (SerilogSample/LT-OME-T-MY) Executing action method "SCPersonalizationGraph.Controllers.GraphController.Get (SCPersonalizationGraph)" with arguments (null) - ModelState is Valid
2018-01-18T11:22:27.1477728+08:00 [INF] (SerilogSample/LT-OME-T-MY) Executing ObjectResult, writing value "Microsoft.AspNetCore.Mvc.ControllerContext".
2018-01-18T11:22:27.2144692+08:00 [INF] (SerilogSample/LT-OME-T-MY) Executed action "SCPersonalizationGraph.Controllers.GraphController.Get (SCPersonalizationGraph)" in 1553.3129ms
2018-01-18T11:22:27.2764567+08:00 [INF] (SerilogSample/LT-OME-T-MY) Request finished in 1681.4267ms 200 application/json; charset=utf-8
2018-01-18T11:22:40.9395521+08:00 [INF] (SerilogSample/LT-OME-T-MY) Request starting HTTP/1.1 GET http://localhost:51085/api/graph  
2018-01-18T11:22:40.9552585+08:00 [INF] (SerilogSample/LT-OME-T-MY) Policy execution successful.
2018-01-18T11:22:40.9842803+08:00 [INF] (SerilogSample/LT-OME-T-MY) GraphController: loaded
2018-01-18T11:22:41.0069933+08:00 [INF] (SerilogSample/LT-OME-T-MY) Executing action method "SCPersonalizationGraph.Controllers.GraphController.Get (SCPersonalizationGraph)" with arguments (null) - ModelState is Valid
2018-01-18T11:22:43.0738132+08:00 [INF] (SerilogSample/LT-OME-T-MY) Executing ObjectResult, writing value "Microsoft.AspNetCore.Mvc.ControllerContext".
2018-01-18T11:22:43.1415395+08:00 [INF] (SerilogSample/LT-OME-T-MY) Executed action "SCPersonalizationGraph.Controllers.GraphController.Get (SCPersonalizationGraph)" in 2157.2528ms
2018-01-18T11:22:43.1966022+08:00 [INF] (SerilogSample/LT-OME-T-MY) Request finished in 2257.0206ms 200 application/json; charset=utf-8
2018-01-18T11:22:56.8005945+08:00 [INF] (SerilogSample/LT-OME-T-MY) Request starting HTTP/1.1 GET http://localhost:51085/api/graph  
2018-01-18T11:22:56.8110979+08:00 [INF] (SerilogSample/LT-OME-T-MY) Policy execution successful.
2018-01-18T11:22:56.8200949+08:00 [INF] (SerilogSample/LT-OME-T-MY) GraphController: loaded
2018-01-18T11:22:56.8252234+08:00 [INF] (SerilogSample/LT-OME-T-MY) Executing action method "SCPersonalizationGraph.Controllers.GraphController.Get (SCPersonalizationGraph)" with arguments (null) - ModelState is Valid
2018-01-18T11:22:56.8369893+08:00 [INF] (SerilogSample/LT-OME-T-MY) Executing ObjectResult, writing value "Microsoft.AspNetCore.Mvc.ControllerContext".
2018-01-18T11:22:56.8423750+08:00 [INF] (SerilogSample/LT-OME-T-MY) Executed action "SCPersonalizationGraph.Controllers.GraphController.Get (SCPersonalizationGraph)" in 22.2864ms
2018-01-18T11:22:56.8521624+08:00 [INF] (SerilogSample/LT-OME-T-MY) Request finished in 51.5719ms 200 application/json; charset=utf-8
2018-01-18T11:24:18.6851217+08:00 [INF] (SerilogSample/LT-OME-T-MY) Request starting HTTP/1.1 GET http://localhost:51085/api/graph  
2018-01-18T11:24:19.8717465+08:00 [INF] (SerilogSample/LT-OME-T-MY) Policy execution successful.
2018-01-18T11:24:19.9043851+08:00 [INF] (SerilogSample/LT-OME-T-MY) GraphController: loaded
2018-01-18T11:24:19.9272825+08:00 [INF] (SerilogSample/LT-OME-T-MY) Executing action method "SCPersonalizationGraph.Controllers.GraphController.Get (SCPersonalizationGraph)" with arguments (null) - ModelState is Valid
2018-01-18T11:24:19.9559561+08:00 [INF] (SerilogSample/LT-OME-T-MY) Executing ObjectResult, writing value "Microsoft.AspNetCore.Mvc.ControllerContext".
2018-01-18T11:24:19.9802395+08:00 [INF] (SerilogSample/LT-OME-T-MY) Executed action "SCPersonalizationGraph.Controllers.GraphController.Get (SCPersonalizationGraph)" in 75.8056ms
2018-01-18T11:24:20.0959105+08:00 [INF] (SerilogSample/LT-OME-T-MY) Request finished in 1410.6985ms 200 application/json; charset=utf-8
2018-01-18T11:44:39.4773861+08:00 [INF] (SerilogSample/LT-OME-T-MY) Request starting HTTP/1.1 GET http://localhost:51085/api/graph  
2018-01-18T11:44:39.4820403+08:00 [INF] (SerilogSample/LT-OME-T-MY) GraphController: loaded
2018-01-18T11:44:39.4852750+08:00 [INF] (SerilogSample/LT-OME-T-MY) Executing action method "SCPersonalizationGraph.Controllers.GraphController.Get (SCPersonalizationGraph)" with arguments (null) - ModelState is Valid
2018-01-18T11:44:39.4989133+08:00 [INF] (SerilogSample/LT-OME-T-MY) Executing ObjectResult, writing value "Microsoft.AspNetCore.Mvc.ControllerContext".
2018-01-18T11:44:39.5088710+08:00 [INF] (SerilogSample/LT-OME-T-MY) Executed action "SCPersonalizationGraph.Controllers.GraphController.Get (SCPersonalizationGraph)" in 26.851ms
2018-01-18T11:44:39.7010361+08:00 [INF] (SerilogSample/LT-OME-T-MY) Request finished in 206.3563ms 200 application/json; charset=utf-8
2018-01-18T11:44:39.8570930+08:00 [INF] (SerilogSample/LT-OME-T-MY) Request starting HTTP/1.1 GET http://localhost:51085/favicon.ico  
2018-01-18T11:44:39.8963878+08:00 [INF] (SerilogSample/LT-OME-T-MY) Request finished in 39.3154ms 200 
2018-01-18T12:05:17.1255570+08:00 [INF] (SerilogSample/LT-OME-T-MY) Request starting HTTP/1.1 GET http://localhost:51085/api/graph  
2018-01-18T12:05:17.1387266+08:00 [INF] (SerilogSample/LT-OME-T-MY) Request starting HTTP/1.1 GET http://localhost:51085/api/graph  
2018-01-18T12:05:17.2514002+08:00 [INF] (SerilogSample/LT-OME-T-MY) Policy execution successful.
2018-01-18T12:05:17.2630965+08:00 [INF] (SerilogSample/LT-OME-T-MY) Policy execution successful.
2018-01-18T12:05:17.2879207+08:00 [INF] (SerilogSample/LT-OME-T-MY) GraphController: loaded
2018-01-18T12:05:17.2908167+08:00 [INF] (SerilogSample/LT-OME-T-MY) GraphController: loaded
2018-01-18T12:05:17.3101737+08:00 [INF] (SerilogSample/LT-OME-T-MY) Executing action method "SCPersonalizationGraph.Controllers.GraphController.Get (SCPersonalizationGraph)" with arguments (null) - ModelState is Valid
2018-01-18T12:05:17.3225679+08:00 [INF] (SerilogSample/LT-OME-T-MY) Executing action method "SCPersonalizationGraph.Controllers.GraphController.Get (SCPersonalizationGraph)" with arguments (null) - ModelState is Valid
2018-01-18T12:05:17.4334399+08:00 [INF] (SerilogSample/LT-OME-T-MY) Executing ObjectResult, writing value "Microsoft.AspNetCore.Mvc.ControllerContext".
2018-01-18T12:05:17.4550605+08:00 [INF] (SerilogSample/LT-OME-T-MY) Executed action "SCPersonalizationGraph.Controllers.GraphController.Get (SCPersonalizationGraph)" in 167.1667ms
2018-01-18T12:05:17.5777689+08:00 [INF] (SerilogSample/LT-OME-T-MY) Request finished in 452.1757ms 200 application/json; charset=utf-8
2018-01-18T12:05:17.8572011+08:00 [INF] (SerilogSample/LT-OME-T-MY) Executed action "SCPersonalizationGraph.Controllers.GraphController.Get (SCPersonalizationGraph)" in 566.3897ms
2018-01-18T12:05:17.8957979+08:00 [ERR] (SerilogSample/LT-OME-T-MY) An unhandled exception has occurred while executing the request
System.InvalidOperationException: There is already an open DataReader associated with this Command which must be closed first.
   at System.Data.SqlClient.SqlInternalConnectionTds.ValidateConnectionForExecute(SqlCommand command)
   at System.Data.SqlClient.SqlCommand.ValidateCommand(Boolean async, String method)
   at System.Data.SqlClient.SqlCommand.RunExecuteReader(CommandBehavior cmdBehavior, RunBehavior runBehavior, Boolean returnStream, TaskCompletionSource`1 completion, Int32 timeout, Task& task, Boolean asyncWrite, String method)
   at System.Data.SqlClient.SqlCommand.ExecuteReader(CommandBehavior behavior)
   at System.Data.Common.DbCommand.System.Data.IDbCommand.ExecuteReader(CommandBehavior behavior)
   at System.Data.Common.DbDataAdapter.FillInternal(DataSet dataset, DataTable[] datatables, Int32 startRecord, Int32 maxRecords, String srcTable, IDbCommand command, CommandBehavior behavior)
   at System.Data.Common.DbDataAdapter.Fill(DataSet dataSet, Int32 startRecord, Int32 maxRecords, String srcTable, IDbCommand command, CommandBehavior behavior)
   at System.Data.Common.DbDataAdapter.Fill(DataSet dataSet)
   at SCPersonalizationGraph.Model.SQLDB.<GetData>d__2.MoveNext() in C:\playground\ScPersonalizationGraph\SCPersonalizationGraph\SCPersonalizationGraph\Model\SQLDB.cs:line 29
--- End of stack trace from previous location where exception was thrown ---
   at System.Runtime.ExceptionServices.ExceptionDispatchInfo.Throw()
   at System.Runtime.CompilerServices.TaskAwaiter.HandleNonSuccessAndDebuggerNotification(Task task)
   at System.Runtime.CompilerServices.TaskAwaiter`1.GetResult()
   at SCPersonalizationGraph.Controllers.GraphController.<Get>d__2.MoveNext() in C:\playground\ScPersonalizationGraph\SCPersonalizationGraph\SCPersonalizationGraph\Controllers\GraphController.cs:line 30
--- End of stack trace from previous location where exception was thrown ---
   at System.Runtime.ExceptionServices.ExceptionDispatchInfo.Throw()
   at System.Runtime.CompilerServices.TaskAwaiter.HandleNonSuccessAndDebuggerNotification(Task task)
   at lambda_method(Closure , Object )
   at Microsoft.Extensions.Internal.ObjectMethodExecutorAwaitable.Awaiter.GetResult()
   at Microsoft.AspNetCore.Mvc.Internal.ControllerActionInvoker.<InvokeActionMethodAsync>d__12.MoveNext()
--- End of stack trace from previous location where exception was thrown ---
   at System.Runtime.ExceptionServices.ExceptionDispatchInfo.Throw()
   at System.Runtime.CompilerServices.TaskAwaiter.HandleNonSuccessAndDebuggerNotification(Task task)
   at Microsoft.AspNetCore.Mvc.Internal.ControllerActionInvoker.<InvokeNextActionFilterAsync>d__10.MoveNext()
--- End of stack trace from previous location where exception was thrown ---
   at System.Runtime.ExceptionServices.ExceptionDispatchInfo.Throw()
   at Microsoft.AspNetCore.Mvc.Internal.ControllerActionInvoker.Rethrow(ActionExecutedContext context)
   at Microsoft.AspNetCore.Mvc.Internal.ControllerActionInvoker.Next(State& next, Scope& scope, Object& state, Boolean& isCompleted)
   at Microsoft.AspNetCore.Mvc.Internal.ControllerActionInvoker.<InvokeInnerFilterAsync>d__14.MoveNext()
--- End of stack trace from previous location where exception was thrown ---
   at System.Runtime.ExceptionServices.ExceptionDispatchInfo.Throw()
   at System.Runtime.CompilerServices.TaskAwaiter.HandleNonSuccessAndDebuggerNotification(Task task)
   at Microsoft.AspNetCore.Mvc.Internal.ResourceInvoker.<InvokeNextResourceFilter>d__22.MoveNext()
--- End of stack trace from previous location where exception was thrown ---
   at System.Runtime.ExceptionServices.ExceptionDispatchInfo.Throw()
   at Microsoft.AspNetCore.Mvc.Internal.ResourceInvoker.Rethrow(ResourceExecutedContext context)
   at Microsoft.AspNetCore.Mvc.Internal.ResourceInvoker.Next(State& next, Scope& scope, Object& state, Boolean& isCompleted)
   at Microsoft.AspNetCore.Mvc.Internal.ResourceInvoker.<InvokeFilterPipelineAsync>d__17.MoveNext()
--- End of stack trace from previous location where exception was thrown ---
   at System.Runtime.ExceptionServices.ExceptionDispatchInfo.Throw()
   at System.Runtime.CompilerServices.TaskAwaiter.HandleNonSuccessAndDebuggerNotification(Task task)
   at Microsoft.AspNetCore.Mvc.Internal.ResourceInvoker.<InvokeAsync>d__15.MoveNext()
--- End of stack trace from previous location where exception was thrown ---
   at System.Runtime.ExceptionServices.ExceptionDispatchInfo.Throw()
   at System.Runtime.CompilerServices.TaskAwaiter.HandleNonSuccessAndDebuggerNotification(Task task)
   at Microsoft.AspNetCore.Builder.RouterMiddleware.<Invoke>d__4.MoveNext()
--- End of stack trace from previous location where exception was thrown ---
   at System.Runtime.ExceptionServices.ExceptionDispatchInfo.Throw()
   at System.Runtime.CompilerServices.TaskAwaiter.HandleNonSuccessAndDebuggerNotification(Task task)
   at Microsoft.AspNetCore.Cors.Infrastructure.CorsMiddleware.<Invoke>d__7.MoveNext()
--- End of stack trace from previous location where exception was thrown ---
   at System.Runtime.ExceptionServices.ExceptionDispatchInfo.Throw()
   at System.Runtime.CompilerServices.TaskAwaiter.HandleNonSuccessAndDebuggerNotification(Task task)
   at Microsoft.AspNetCore.Diagnostics.DeveloperExceptionPageMiddleware.<Invoke>d__7.MoveNext()
2018-01-18T12:05:18.8118277+08:00 [INF] (SerilogSample/LT-OME-T-MY) Request finished in 1673.3662ms 500 text/html; charset=utf-8
2018-01-18T12:08:21.4476017+08:00 [INF] (SerilogSample/LT-OME-T-MY) Request starting HTTP/1.1 GET http://localhost:51085/api/graph  
2018-01-18T12:08:21.5119949+08:00 [INF] (SerilogSample/LT-OME-T-MY) Request starting HTTP/1.1 GET http://localhost:51085/api/graph  
2018-01-18T12:08:22.3223728+08:00 [INF] (SerilogSample/LT-OME-T-MY) Policy execution successful.
2018-01-18T12:08:22.3342826+08:00 [INF] (SerilogSample/LT-OME-T-MY) Policy execution successful.
2018-01-18T12:08:22.3450906+08:00 [INF] (SerilogSample/LT-OME-T-MY) GraphController: loaded
2018-01-18T12:08:22.3533088+08:00 [INF] (SerilogSample/LT-OME-T-MY) GraphController: loaded
2018-01-18T12:08:22.3536036+08:00 [INF] (SerilogSample/LT-OME-T-MY) Executing action method "SCPersonalizationGraph.Controllers.GraphController.Get (SCPersonalizationGraph)" with arguments (null) - ModelState is Valid
2018-01-18T12:08:22.3561017+08:00 [INF] (SerilogSample/LT-OME-T-MY) Executing action method "SCPersonalizationGraph.Controllers.GraphController.Get (SCPersonalizationGraph)" with arguments (null) - ModelState is Valid
2018-01-18T12:08:22.3749560+08:00 [INF] (SerilogSample/LT-OME-T-MY) Executing ObjectResult, writing value "Microsoft.AspNetCore.Mvc.ControllerContext".
2018-01-18T12:08:22.4219499+08:00 [INF] (SerilogSample/LT-OME-T-MY) Executing ObjectResult, writing value "Microsoft.AspNetCore.Mvc.ControllerContext".
2018-01-18T12:08:22.4717364+08:00 [INF] (SerilogSample/LT-OME-T-MY) Executed action "SCPersonalizationGraph.Controllers.GraphController.Get (SCPersonalizationGraph)" in 126.6824ms
2018-01-18T12:08:22.5832400+08:00 [INF] (SerilogSample/LT-OME-T-MY) Executed action "SCPersonalizationGraph.Controllers.GraphController.Get (SCPersonalizationGraph)" in 230.3978ms
2018-01-18T12:08:22.6301529+08:00 [INF] (SerilogSample/LT-OME-T-MY) Request finished in 1182.5658ms 200 application/json; charset=utf-8
2018-01-18T12:08:22.6556989+08:00 [INF] (SerilogSample/LT-OME-T-MY) Request finished in 1134.8665ms 200 application/json; charset=utf-8
2018-01-18T12:08:54.6541171+08:00 [INF] (SerilogSample/LT-OME-T-MY) Request starting HTTP/1.1 GET http://localhost:51085/api/graph  
2018-01-18T12:08:54.7225550+08:00 [INF] (SerilogSample/LT-OME-T-MY) Request starting HTTP/1.1 GET http://localhost:51085/api/graph  
2018-01-18T12:08:55.6538285+08:00 [INF] (SerilogSample/LT-OME-T-MY) Policy execution successful.
2018-01-18T12:08:55.7169791+08:00 [INF] (SerilogSample/LT-OME-T-MY) Policy execution successful.
2018-01-18T12:08:55.8654876+08:00 [INF] (SerilogSample/LT-OME-T-MY) GraphController: loaded
2018-01-18T12:08:55.8732288+08:00 [INF] (SerilogSample/LT-OME-T-MY) GraphController: loaded
2018-01-18T12:08:55.8818519+08:00 [INF] (SerilogSample/LT-OME-T-MY) Executing action method "SCPersonalizationGraph.Controllers.GraphController.Get (SCPersonalizationGraph)" with arguments (null) - ModelState is Valid
2018-01-18T12:08:55.8875814+08:00 [INF] (SerilogSample/LT-OME-T-MY) Executing action method "SCPersonalizationGraph.Controllers.GraphController.Get (SCPersonalizationGraph)" with arguments (null) - ModelState is Valid
2018-01-18T12:08:55.9829129+08:00 [INF] (SerilogSample/LT-OME-T-MY) Executing ObjectResult, writing value "Microsoft.AspNetCore.Mvc.ControllerContext".
2018-01-18T12:08:56.0134320+08:00 [INF] (SerilogSample/LT-OME-T-MY) Executed action "SCPersonalizationGraph.Controllers.GraphController.Get (SCPersonalizationGraph)" in 147.9294ms
2018-01-18T12:08:56.1464724+08:00 [INF] (SerilogSample/LT-OME-T-MY) Request finished in 1492.3651ms 200 application/json; charset=utf-8
2018-01-18T12:08:56.5265670+08:00 [INF] (SerilogSample/LT-OME-T-MY) Executed action "SCPersonalizationGraph.Controllers.GraphController.Get (SCPersonalizationGraph)" in 653.3086ms
2018-01-18T12:08:57.1643964+08:00 [ERR] (SerilogSample/LT-OME-T-MY) An unhandled exception has occurred while executing the request
System.InvalidOperationException: Internal connection fatal error.
   at System.Data.SqlClient.TdsParser.TryRun(RunBehavior runBehavior, SqlCommand cmdHandler, SqlDataReader dataStream, BulkCopySimpleResultSet bulkCopyHandler, TdsParserStateObject stateObj, Boolean& dataReady)
   at System.Data.SqlClient.SqlDataReader.TryConsumeMetaData()
   at System.Data.SqlClient.SqlDataReader.get_MetaData()
   at System.Data.SqlClient.SqlCommand.FinishExecuteReader(SqlDataReader ds, RunBehavior runBehavior, String resetOptionsString)
   at System.Data.SqlClient.SqlCommand.RunExecuteReaderTds(CommandBehavior cmdBehavior, RunBehavior runBehavior, Boolean returnStream, Boolean async, Int32 timeout, Task& task, Boolean asyncWrite, SqlDataReader ds)
   at System.Data.SqlClient.SqlCommand.ExecuteReader(CommandBehavior behavior)
   at System.Data.Common.DbCommand.System.Data.IDbCommand.ExecuteReader(CommandBehavior behavior)
   at System.Data.Common.DbDataAdapter.FillInternal(DataSet dataset, DataTable[] datatables, Int32 startRecord, Int32 maxRecords, String srcTable, IDbCommand command, CommandBehavior behavior)
   at System.Data.Common.DbDataAdapter.Fill(DataSet dataSet, Int32 startRecord, Int32 maxRecords, String srcTable, IDbCommand command, CommandBehavior behavior)
   at System.Data.Common.DbDataAdapter.Fill(DataSet dataSet)
   at SCPersonalizationGraph.Model.SQLDB.<GetSummaryByDate>d__3.MoveNext() in C:\playground\ScPersonalizationGraph\SCPersonalizationGraph\SCPersonalizationGraph\Model\SQLDB.cs:line 58
--- End of stack trace from previous location where exception was thrown ---
   at System.Runtime.ExceptionServices.ExceptionDispatchInfo.Throw()
   at System.Runtime.CompilerServices.TaskAwaiter.HandleNonSuccessAndDebuggerNotification(Task task)
   at System.Runtime.CompilerServices.TaskAwaiter`1.GetResult()
   at SCPersonalizationGraph.Controllers.GraphController.<Get>d__2.MoveNext() in C:\playground\ScPersonalizationGraph\SCPersonalizationGraph\SCPersonalizationGraph\Controllers\GraphController.cs:line 31
--- End of stack trace from previous location where exception was thrown ---
   at System.Runtime.ExceptionServices.ExceptionDispatchInfo.Throw()
   at System.Runtime.CompilerServices.TaskAwaiter.HandleNonSuccessAndDebuggerNotification(Task task)
   at lambda_method(Closure , Object )
   at Microsoft.Extensions.Internal.ObjectMethodExecutorAwaitable.Awaiter.GetResult()
   at Microsoft.AspNetCore.Mvc.Internal.ControllerActionInvoker.<InvokeActionMethodAsync>d__12.MoveNext()
--- End of stack trace from previous location where exception was thrown ---
   at System.Runtime.ExceptionServices.ExceptionDispatchInfo.Throw()
   at System.Runtime.CompilerServices.TaskAwaiter.HandleNonSuccessAndDebuggerNotification(Task task)
   at Microsoft.AspNetCore.Mvc.Internal.ControllerActionInvoker.<InvokeNextActionFilterAsync>d__10.MoveNext()
--- End of stack trace from previous location where exception was thrown ---
   at System.Runtime.ExceptionServices.ExceptionDispatchInfo.Throw()
   at Microsoft.AspNetCore.Mvc.Internal.ControllerActionInvoker.Rethrow(ActionExecutedContext context)
   at Microsoft.AspNetCore.Mvc.Internal.ControllerActionInvoker.Next(State& next, Scope& scope, Object& state, Boolean& isCompleted)
   at Microsoft.AspNetCore.Mvc.Internal.ControllerActionInvoker.<InvokeInnerFilterAsync>d__14.MoveNext()
--- End of stack trace from previous location where exception was thrown ---
   at System.Runtime.ExceptionServices.ExceptionDispatchInfo.Throw()
   at System.Runtime.CompilerServices.TaskAwaiter.HandleNonSuccessAndDebuggerNotification(Task task)
   at Microsoft.AspNetCore.Mvc.Internal.ResourceInvoker.<InvokeNextResourceFilter>d__22.MoveNext()
--- End of stack trace from previous location where exception was thrown ---
   at System.Runtime.ExceptionServices.ExceptionDispatchInfo.Throw()
   at Microsoft.AspNetCore.Mvc.Internal.ResourceInvoker.Rethrow(ResourceExecutedContext context)
   at Microsoft.AspNetCore.Mvc.Internal.ResourceInvoker.Next(State& next, Scope& scope, Object& state, Boolean& isCompleted)
   at Microsoft.AspNetCore.Mvc.Internal.ResourceInvoker.<InvokeFilterPipelineAsync>d__17.MoveNext()
--- End of stack trace from previous location where exception was thrown ---
   at System.Runtime.ExceptionServices.ExceptionDispatchInfo.Throw()
   at System.Runtime.CompilerServices.TaskAwaiter.HandleNonSuccessAndDebuggerNotification(Task task)
   at Microsoft.AspNetCore.Mvc.Internal.ResourceInvoker.<InvokeAsync>d__15.MoveNext()
--- End of stack trace from previous location where exception was thrown ---
   at System.Runtime.ExceptionServices.ExceptionDispatchInfo.Throw()
   at System.Runtime.CompilerServices.TaskAwaiter.HandleNonSuccessAndDebuggerNotification(Task task)
   at Microsoft.AspNetCore.Builder.RouterMiddleware.<Invoke>d__4.MoveNext()
--- End of stack trace from previous location where exception was thrown ---
   at System.Runtime.ExceptionServices.ExceptionDispatchInfo.Throw()
   at System.Runtime.CompilerServices.TaskAwaiter.HandleNonSuccessAndDebuggerNotification(Task task)
   at Microsoft.AspNetCore.Cors.Infrastructure.CorsMiddleware.<Invoke>d__7.MoveNext()
--- End of stack trace from previous location where exception was thrown ---
   at System.Runtime.ExceptionServices.ExceptionDispatchInfo.Throw()
   at System.Runtime.CompilerServices.TaskAwaiter.HandleNonSuccessAndDebuggerNotification(Task task)
   at Microsoft.AspNetCore.Diagnostics.DeveloperExceptionPageMiddleware.<Invoke>d__7.MoveNext()
2018-01-18T12:08:58.1772039+08:00 [INF] (SerilogSample/LT-OME-T-MY) Request finished in 3454.6437ms 500 text/html; charset=utf-8
2018-01-18T12:10:23.5466233+08:00 [INF] (SerilogSample/LT-OME-T-MY) Request starting HTTP/1.1 GET http://localhost:51085/api/graph  
2018-01-18T12:10:23.5574797+08:00 [INF] (SerilogSample/LT-OME-T-MY) Policy execution successful.
2018-01-18T12:10:23.5578286+08:00 [INF] (SerilogSample/LT-OME-T-MY) Request starting HTTP/1.1 GET http://localhost:51085/api/graph  
2018-01-18T12:10:23.6193516+08:00 [INF] (SerilogSample/LT-OME-T-MY) GraphController: loaded
2018-01-18T12:10:24.5544670+08:00 [INF] (SerilogSample/LT-OME-T-MY) Policy execution successful.
2018-01-18T12:10:24.5666280+08:00 [INF] (SerilogSample/LT-OME-T-MY) Executing action method "SCPersonalizationGraph.Controllers.GraphController.Get (SCPersonalizationGraph)" with arguments (null) - ModelState is Valid
2018-01-18T12:10:24.6036409+08:00 [INF] (SerilogSample/LT-OME-T-MY) GraphController: loaded
2018-01-18T12:10:24.6218630+08:00 [INF] (SerilogSample/LT-OME-T-MY) Executing action method "SCPersonalizationGraph.Controllers.GraphController.Get (SCPersonalizationGraph)" with arguments (null) - ModelState is Valid
2018-01-18T12:10:24.6528497+08:00 [INF] (SerilogSample/LT-OME-T-MY) Executing ObjectResult, writing value "Microsoft.AspNetCore.Mvc.ControllerContext".
2018-01-18T12:10:24.6734394+08:00 [INF] (SerilogSample/LT-OME-T-MY) Executing ObjectResult, writing value "Microsoft.AspNetCore.Mvc.ControllerContext".
2018-01-18T12:10:24.6870350+08:00 [INF] (SerilogSample/LT-OME-T-MY) Executed action "SCPersonalizationGraph.Controllers.GraphController.Get (SCPersonalizationGraph)" in 1067.7316ms
2018-01-18T12:10:24.7124720+08:00 [INF] (SerilogSample/LT-OME-T-MY) Request finished in 1165.8885ms 200 application/json; charset=utf-8
2018-01-18T12:10:24.7126050+08:00 [INF] (SerilogSample/LT-OME-T-MY) Executed action "SCPersonalizationGraph.Controllers.GraphController.Get (SCPersonalizationGraph)" in 108.9877ms
2018-01-18T12:10:24.7424433+08:00 [INF] (SerilogSample/LT-OME-T-MY) Request finished in 1184.6181ms 200 application/json; charset=utf-8
2018-01-18T12:10:41.4718415+08:00 [INF] (SerilogSample/LT-OME-T-MY) Request starting HTTP/1.1 GET http://localhost:51085/api/graph  
2018-01-18T12:10:41.4999398+08:00 [INF] (SerilogSample/LT-OME-T-MY) Request starting HTTP/1.1 GET http://localhost:51085/api/graph  
2018-01-18T12:10:43.4801639+08:00 [INF] (SerilogSample/LT-OME-T-MY) Policy execution successful.
2018-01-18T12:10:43.5518770+08:00 [INF] (SerilogSample/LT-OME-T-MY) Policy execution successful.
2018-01-18T12:10:43.6425850+08:00 [INF] (SerilogSample/LT-OME-T-MY) GraphController: loaded
2018-01-18T12:10:43.6732322+08:00 [INF] (SerilogSample/LT-OME-T-MY) GraphController: loaded
2018-01-18T12:10:43.7200796+08:00 [INF] (SerilogSample/LT-OME-T-MY) Executing action method "SCPersonalizationGraph.Controllers.GraphController.Get (SCPersonalizationGraph)" with arguments (null) - ModelState is Valid
2018-01-18T12:10:43.7291027+08:00 [INF] (SerilogSample/LT-OME-T-MY) Executing action method "SCPersonalizationGraph.Controllers.GraphController.Get (SCPersonalizationGraph)" with arguments (null) - ModelState is Valid
2018-01-18T12:10:43.8486974+08:00 [INF] (SerilogSample/LT-OME-T-MY) Executing ObjectResult, writing value "Microsoft.AspNetCore.Mvc.ControllerContext".
2018-01-18T12:10:43.8892816+08:00 [INF] (SerilogSample/LT-OME-T-MY) Executing ObjectResult, writing value "Microsoft.AspNetCore.Mvc.ControllerContext".
2018-01-18T12:10:43.8914220+08:00 [INF] (SerilogSample/LT-OME-T-MY) Executed action "SCPersonalizationGraph.Controllers.GraphController.Get (SCPersonalizationGraph)" in 218.1994ms
2018-01-18T12:10:43.8974817+08:00 [INF] (SerilogSample/LT-OME-T-MY) Executed action "SCPersonalizationGraph.Controllers.GraphController.Get (SCPersonalizationGraph)" in 254.9126ms
2018-01-18T12:10:43.9160946+08:00 [INF] (SerilogSample/LT-OME-T-MY) Request finished in 2416.2346ms 200 application/json; charset=utf-8
2018-01-18T12:10:43.9258916+08:00 [INF] (SerilogSample/LT-OME-T-MY) Request finished in 2450.8244ms 200 application/json; charset=utf-8
2018-01-18T12:12:41.9598653+08:00 [INF] (SerilogSample/LT-OME-T-MY) Request starting HTTP/1.1 GET http://localhost:51085/api/graph  
2018-01-18T12:12:41.9662428+08:00 [INF] (SerilogSample/LT-OME-T-MY) Request starting HTTP/1.1 GET http://localhost:51085/api/graph  
2018-01-18T12:12:41.9753218+08:00 [INF] (SerilogSample/LT-OME-T-MY) Policy execution successful.
2018-01-18T12:12:42.0032175+08:00 [INF] (SerilogSample/LT-OME-T-MY) Policy execution successful.
2018-01-18T12:12:42.0087657+08:00 [INF] (SerilogSample/LT-OME-T-MY) GraphController: loaded
2018-01-18T12:12:42.0199423+08:00 [INF] (SerilogSample/LT-OME-T-MY) GraphController: loaded
2018-01-18T12:12:42.0229984+08:00 [INF] (SerilogSample/LT-OME-T-MY) Executing action method "SCPersonalizationGraph.Controllers.GraphController.Get (SCPersonalizationGraph)" with arguments (null) - ModelState is Valid
2018-01-18T12:12:42.0307758+08:00 [INF] (SerilogSample/LT-OME-T-MY) Executing action method "SCPersonalizationGraph.Controllers.GraphController.Get (SCPersonalizationGraph)" with arguments (null) - ModelState is Valid
2018-01-18T12:12:42.1829275+08:00 [INF] (SerilogSample/LT-OME-T-MY) Executing ObjectResult, writing value "Microsoft.AspNetCore.Mvc.ControllerContext".
2018-01-18T12:12:42.2943682+08:00 [INF] (SerilogSample/LT-OME-T-MY) Executing ObjectResult, writing value "Microsoft.AspNetCore.Mvc.ControllerContext".
2018-01-18T12:12:42.4152998+08:00 [INF] (SerilogSample/LT-OME-T-MY) Executed action "SCPersonalizationGraph.Controllers.GraphController.Get (SCPersonalizationGraph)" in 406.5611ms
2018-01-18T12:12:43.7413696+08:00 [INF] (SerilogSample/LT-OME-T-MY) Executed action "SCPersonalizationGraph.Controllers.GraphController.Get (SCPersonalizationGraph)" in 1721.4611ms
2018-01-18T12:12:43.7550217+08:00 [INF] (SerilogSample/LT-OME-T-MY) Request finished in 1795.2578ms 200 application/json; charset=utf-8
2018-01-18T12:12:43.9789377+08:00 [INF] (SerilogSample/LT-OME-T-MY) Request finished in 2007.0799ms 200 application/json; charset=utf-8
2018-01-18T12:37:19.5084984+08:00 [INF] (SerilogSample/LT-OME-T-MY) Request starting HTTP/1.1 GET http://localhost:51085/api/graph  
2018-01-18T12:37:19.5088528+08:00 [INF] (SerilogSample/LT-OME-T-MY) Request starting HTTP/1.1 GET http://localhost:51085/api/graph  
2018-01-18T12:37:19.5701066+08:00 [INF] (SerilogSample/LT-OME-T-MY) Policy execution successful.
2018-01-18T12:37:20.2253555+08:00 [INF] (SerilogSample/LT-OME-T-MY) Policy execution successful.
2018-01-18T12:37:20.4817810+08:00 [INF] (SerilogSample/LT-OME-T-MY) GraphController: loaded
2018-01-18T12:37:21.4251117+08:00 [INF] (SerilogSample/LT-OME-T-MY) GraphController: loaded
2018-01-18T12:37:21.5808110+08:00 [INF] (SerilogSample/LT-OME-T-MY) Executing action method "SCPersonalizationGraph.Controllers.GraphController.Get (SCPersonalizationGraph)" with arguments (null) - ModelState is Valid
2018-01-18T12:37:21.6432024+08:00 [INF] (SerilogSample/LT-OME-T-MY) Executing action method "SCPersonalizationGraph.Controllers.GraphController.Get (SCPersonalizationGraph)" with arguments (null) - ModelState is Valid
2018-01-18T12:37:22.2153662+08:00 [INF] (SerilogSample/LT-OME-T-MY) Executing ObjectResult, writing value "Microsoft.AspNetCore.Mvc.ControllerContext".
2018-01-18T12:37:22.2817592+08:00 [INF] (SerilogSample/LT-OME-T-MY) Executed action "SCPersonalizationGraph.Controllers.GraphController.Get (SCPersonalizationGraph)" in 856.684ms
2018-01-18T12:37:22.2948839+08:00 [INF] (SerilogSample/LT-OME-T-MY) Executed action "SCPersonalizationGraph.Controllers.GraphController.Get (SCPersonalizationGraph)" in 1813.2347ms
2018-01-18T12:37:22.3298063+08:00 [INF] (SerilogSample/LT-OME-T-MY) Request finished in 2821.2735ms 200 application/json; charset=utf-8
2018-01-18T12:37:22.4130802+08:00 [ERR] (SerilogSample/LT-OME-T-MY) An unhandled exception has occurred while executing the request
System.InvalidOperationException: ExecuteReader requires an open and available Connection. The connection's current state is connecting.
   at System.Data.SqlClient.SqlConnection.GetOpenTdsConnection(String method)
   at System.Data.SqlClient.SqlConnection.ValidateConnectionForExecute(String method, SqlCommand command)
   at System.Data.SqlClient.SqlCommand.ValidateCommand(Boolean async, String method)
   at System.Data.SqlClient.SqlCommand.RunExecuteReader(CommandBehavior cmdBehavior, RunBehavior runBehavior, Boolean returnStream, TaskCompletionSource`1 completion, Int32 timeout, Task& task, Boolean asyncWrite, String method)
   at System.Data.SqlClient.SqlCommand.ExecuteReader(CommandBehavior behavior)
   at System.Data.Common.DbCommand.System.Data.IDbCommand.ExecuteReader(CommandBehavior behavior)
   at System.Data.Common.DbDataAdapter.FillInternal(DataSet dataset, DataTable[] datatables, Int32 startRecord, Int32 maxRecords, String srcTable, IDbCommand command, CommandBehavior behavior)
   at System.Data.Common.DbDataAdapter.Fill(DataSet dataSet, Int32 startRecord, Int32 maxRecords, String srcTable, IDbCommand command, CommandBehavior behavior)
   at System.Data.Common.DbDataAdapter.Fill(DataSet dataSet)
   at SCPersonalizationGraph.Model.SQLDB.<GetData>d__2.MoveNext() in C:\playground\ScPersonalizationGraph\SCPersonalizationGraph\SCPersonalizationGraph\Model\SQLDB.cs:line 29
--- End of stack trace from previous location where exception was thrown ---
   at System.Runtime.ExceptionServices.ExceptionDispatchInfo.Throw()
   at System.Runtime.CompilerServices.TaskAwaiter.HandleNonSuccessAndDebuggerNotification(Task task)
   at System.Runtime.CompilerServices.TaskAwaiter`1.GetResult()
   at SCPersonalizationGraph.Controllers.GraphController.<Get>d__2.MoveNext() in C:\playground\ScPersonalizationGraph\SCPersonalizationGraph\SCPersonalizationGraph\Controllers\GraphController.cs:line 30
--- End of stack trace from previous location where exception was thrown ---
   at System.Runtime.ExceptionServices.ExceptionDispatchInfo.Throw()
   at System.Runtime.CompilerServices.TaskAwaiter.HandleNonSuccessAndDebuggerNotification(Task task)
   at lambda_method(Closure , Object )
   at Microsoft.Extensions.Internal.ObjectMethodExecutorAwaitable.Awaiter.GetResult()
   at Microsoft.AspNetCore.Mvc.Internal.ControllerActionInvoker.<InvokeActionMethodAsync>d__12.MoveNext()
--- End of stack trace from previous location where exception was thrown ---
   at System.Runtime.ExceptionServices.ExceptionDispatchInfo.Throw()
   at System.Runtime.CompilerServices.TaskAwaiter.HandleNonSuccessAndDebuggerNotification(Task task)
   at Microsoft.AspNetCore.Mvc.Internal.ControllerActionInvoker.<InvokeNextActionFilterAsync>d__10.MoveNext()
--- End of stack trace from previous location where exception was thrown ---
   at System.Runtime.ExceptionServices.ExceptionDispatchInfo.Throw()
   at Microsoft.AspNetCore.Mvc.Internal.ControllerActionInvoker.Rethrow(ActionExecutedContext context)
   at Microsoft.AspNetCore.Mvc.Internal.ControllerActionInvoker.Next(State& next, Scope& scope, Object& state, Boolean& isCompleted)
   at Microsoft.AspNetCore.Mvc.Internal.ControllerActionInvoker.<InvokeInnerFilterAsync>d__14.MoveNext()
--- End of stack trace from previous location where exception was thrown ---
   at System.Runtime.ExceptionServices.ExceptionDispatchInfo.Throw()
   at System.Runtime.CompilerServices.TaskAwaiter.HandleNonSuccessAndDebuggerNotification(Task task)
   at Microsoft.AspNetCore.Mvc.Internal.ResourceInvoker.<InvokeNextResourceFilter>d__22.MoveNext()
--- End of stack trace from previous location where exception was thrown ---
   at System.Runtime.ExceptionServices.ExceptionDispatchInfo.Throw()
   at Microsoft.AspNetCore.Mvc.Internal.ResourceInvoker.Rethrow(ResourceExecutedContext context)
   at Microsoft.AspNetCore.Mvc.Internal.ResourceInvoker.Next(State& next, Scope& scope, Object& state, Boolean& isCompleted)
   at Microsoft.AspNetCore.Mvc.Internal.ResourceInvoker.<InvokeFilterPipelineAsync>d__17.MoveNext()
--- End of stack trace from previous location where exception was thrown ---
   at System.Runtime.ExceptionServices.ExceptionDispatchInfo.Throw()
   at System.Runtime.CompilerServices.TaskAwaiter.HandleNonSuccessAndDebuggerNotification(Task task)
   at Microsoft.AspNetCore.Mvc.Internal.ResourceInvoker.<InvokeAsync>d__15.MoveNext()
--- End of stack trace from previous location where exception was thrown ---
   at System.Runtime.ExceptionServices.ExceptionDispatchInfo.Throw()
   at System.Runtime.CompilerServices.TaskAwaiter.HandleNonSuccessAndDebuggerNotification(Task task)
   at Microsoft.AspNetCore.Builder.RouterMiddleware.<Invoke>d__4.MoveNext()
--- End of stack trace from previous location where exception was thrown ---
   at System.Runtime.ExceptionServices.ExceptionDispatchInfo.Throw()
   at System.Runtime.CompilerServices.TaskAwaiter.HandleNonSuccessAndDebuggerNotification(Task task)
   at Microsoft.AspNetCore.Cors.Infrastructure.CorsMiddleware.<Invoke>d__7.MoveNext()
--- End of stack trace from previous location where exception was thrown ---
   at System.Runtime.ExceptionServices.ExceptionDispatchInfo.Throw()
   at System.Runtime.CompilerServices.TaskAwaiter.HandleNonSuccessAndDebuggerNotification(Task task)
   at Microsoft.AspNetCore.Diagnostics.DeveloperExceptionPageMiddleware.<Invoke>d__7.MoveNext()
2018-01-18T12:37:23.5223154+08:00 [INF] (SerilogSample/LT-OME-T-MY) Request finished in 4013.4178ms 500 text/html; charset=utf-8
2018-01-18T12:37:47.1511221+08:00 [INF] (SerilogSample/LT-OME-T-MY) Request starting HTTP/1.1 GET http://localhost:51085/api/graph  
2018-01-18T12:37:47.1547618+08:00 [INF] (SerilogSample/LT-OME-T-MY) GraphController: loaded
2018-01-18T12:37:47.1579999+08:00 [INF] (SerilogSample/LT-OME-T-MY) Executing action method "SCPersonalizationGraph.Controllers.GraphController.Get (SCPersonalizationGraph)" with arguments (null) - ModelState is Valid
2018-01-18T12:37:47.1687319+08:00 [INF] (SerilogSample/LT-OME-T-MY) Executing ObjectResult, writing value "Microsoft.AspNetCore.Mvc.ControllerContext".
2018-01-18T12:37:47.1754504+08:00 [INF] (SerilogSample/LT-OME-T-MY) Executed action "SCPersonalizationGraph.Controllers.GraphController.Get (SCPersonalizationGraph)" in 20.2261ms
2018-01-18T12:37:47.1852514+08:00 [INF] (SerilogSample/LT-OME-T-MY) Request finished in 34.1279ms 200 application/json; charset=utf-8
2018-01-18T12:37:47.3243018+08:00 [INF] (SerilogSample/LT-OME-T-MY) Request starting HTTP/1.1 GET http://localhost:51085/favicon.ico  
2018-01-18T12:37:47.3796056+08:00 [INF] (SerilogSample/LT-OME-T-MY) Request finished in 55.3074ms 200 
2018-01-18T12:38:04.5624211+08:00 [INF] (SerilogSample/LT-OME-T-MY) Request starting HTTP/1.1 GET http://localhost:51085/api/graph  
2018-01-18T12:38:04.5641284+08:00 [INF] (SerilogSample/LT-OME-T-MY) Request starting HTTP/1.1 GET http://localhost:51085/api/graph  
2018-01-18T12:38:04.5685458+08:00 [INF] (SerilogSample/LT-OME-T-MY) Policy execution successful.
2018-01-18T12:38:04.5955730+08:00 [INF] (SerilogSample/LT-OME-T-MY) Policy execution successful.
2018-01-18T12:38:04.6024715+08:00 [INF] (SerilogSample/LT-OME-T-MY) GraphController: loaded
2018-01-18T12:38:04.6080695+08:00 [INF] (SerilogSample/LT-OME-T-MY) GraphController: loaded
2018-01-18T12:38:04.6627106+08:00 [INF] (SerilogSample/LT-OME-T-MY) Executing action method "SCPersonalizationGraph.Controllers.GraphController.Get (SCPersonalizationGraph)" with arguments (null) - ModelState is Valid
2018-01-18T12:38:04.6644330+08:00 [INF] (SerilogSample/LT-OME-T-MY) Executing action method "SCPersonalizationGraph.Controllers.GraphController.Get (SCPersonalizationGraph)" with arguments (null) - ModelState is Valid
2018-01-18T12:38:04.6944881+08:00 [INF] (SerilogSample/LT-OME-T-MY) Executing ObjectResult, writing value "Microsoft.AspNetCore.Mvc.ControllerContext".
2018-01-18T12:38:04.9622029+08:00 [INF] (SerilogSample/LT-OME-T-MY) Executed action "SCPersonalizationGraph.Controllers.GraphController.Get (SCPersonalizationGraph)" in 359.7227ms
2018-01-18T12:38:04.9814321+08:00 [INF] (SerilogSample/LT-OME-T-MY) Executed action "SCPersonalizationGraph.Controllers.GraphController.Get (SCPersonalizationGraph)" in 373.3552ms
2018-01-18T12:38:05.7324557+08:00 [ERR] (SerilogSample/LT-OME-T-MY) An unhandled exception has occurred while executing the request
System.InvalidOperationException: There is already an open DataReader associated with this Command which must be closed first.
   at System.Data.SqlClient.SqlInternalConnectionTds.ValidateConnectionForExecute(SqlCommand command)
   at System.Data.SqlClient.SqlCommand.ValidateCommand(Boolean async, String method)
   at System.Data.SqlClient.SqlCommand.RunExecuteReader(CommandBehavior cmdBehavior, RunBehavior runBehavior, Boolean returnStream, TaskCompletionSource`1 completion, Int32 timeout, Task& task, Boolean asyncWrite, String method)
   at System.Data.SqlClient.SqlCommand.ExecuteReader(CommandBehavior behavior)
   at System.Data.Common.DbCommand.System.Data.IDbCommand.ExecuteReader(CommandBehavior behavior)
   at System.Data.Common.DbDataAdapter.FillInternal(DataSet dataset, DataTable[] datatables, Int32 startRecord, Int32 maxRecords, String srcTable, IDbCommand command, CommandBehavior behavior)
   at System.Data.Common.DbDataAdapter.Fill(DataSet dataSet, Int32 startRecord, Int32 maxRecords, String srcTable, IDbCommand command, CommandBehavior behavior)
   at System.Data.Common.DbDataAdapter.Fill(DataSet dataSet)
   at SCPersonalizationGraph.Model.SQLDB.<GetData>d__2.MoveNext() in C:\playground\ScPersonalizationGraph\SCPersonalizationGraph\SCPersonalizationGraph\Model\SQLDB.cs:line 29
--- End of stack trace from previous location where exception was thrown ---
   at System.Runtime.ExceptionServices.ExceptionDispatchInfo.Throw()
   at System.Runtime.CompilerServices.TaskAwaiter.HandleNonSuccessAndDebuggerNotification(Task task)
   at System.Runtime.CompilerServices.TaskAwaiter`1.GetResult()
   at SCPersonalizationGraph.Controllers.GraphController.<Get>d__2.MoveNext() in C:\playground\ScPersonalizationGraph\SCPersonalizationGraph\SCPersonalizationGraph\Controllers\GraphController.cs:line 30
--- End of stack trace from previous location where exception was thrown ---
   at System.Runtime.ExceptionServices.ExceptionDispatchInfo.Throw()
   at System.Runtime.CompilerServices.TaskAwaiter.HandleNonSuccessAndDebuggerNotification(Task task)
   at lambda_method(Closure , Object )
   at Microsoft.Extensions.Internal.ObjectMethodExecutorAwaitable.Awaiter.GetResult()
   at Microsoft.AspNetCore.Mvc.Internal.ControllerActionInvoker.<InvokeActionMethodAsync>d__12.MoveNext()
--- End of stack trace from previous location where exception was thrown ---
   at System.Runtime.ExceptionServices.ExceptionDispatchInfo.Throw()
   at System.Runtime.CompilerServices.TaskAwaiter.HandleNonSuccessAndDebuggerNotification(Task task)
   at Microsoft.AspNetCore.Mvc.Internal.ControllerActionInvoker.<InvokeNextActionFilterAsync>d__10.MoveNext()
--- End of stack trace from previous location where exception was thrown ---
   at System.Runtime.ExceptionServices.ExceptionDispatchInfo.Throw()
   at Microsoft.AspNetCore.Mvc.Internal.ControllerActionInvoker.Rethrow(ActionExecutedContext context)
   at Microsoft.AspNetCore.Mvc.Internal.ControllerActionInvoker.Next(State& next, Scope& scope, Object& state, Boolean& isCompleted)
   at Microsoft.AspNetCore.Mvc.Internal.ControllerActionInvoker.<InvokeInnerFilterAsync>d__14.MoveNext()
--- End of stack trace from previous location where exception was thrown ---
   at System.Runtime.ExceptionServices.ExceptionDispatchInfo.Throw()
   at System.Runtime.CompilerServices.TaskAwaiter.HandleNonSuccessAndDebuggerNotification(Task task)
   at Microsoft.AspNetCore.Mvc.Internal.ResourceInvoker.<InvokeNextResourceFilter>d__22.MoveNext()
--- End of stack trace from previous location where exception was thrown ---
   at System.Runtime.ExceptionServices.ExceptionDispatchInfo.Throw()
   at Microsoft.AspNetCore.Mvc.Internal.ResourceInvoker.Rethrow(ResourceExecutedContext context)
   at Microsoft.AspNetCore.Mvc.Internal.ResourceInvoker.Next(State& next, Scope& scope, Object& state, Boolean& isCompleted)
   at Microsoft.AspNetCore.Mvc.Internal.ResourceInvoker.<InvokeFilterPipelineAsync>d__17.MoveNext()
--- End of stack trace from previous location where exception was thrown ---
   at System.Runtime.ExceptionServices.ExceptionDispatchInfo.Throw()
   at System.Runtime.CompilerServices.TaskAwaiter.HandleNonSuccessAndDebuggerNotification(Task task)
   at Microsoft.AspNetCore.Mvc.Internal.ResourceInvoker.<InvokeAsync>d__15.MoveNext()
--- End of stack trace from previous location where exception was thrown ---
   at System.Runtime.ExceptionServices.ExceptionDispatchInfo.Throw()
   at System.Runtime.CompilerServices.TaskAwaiter.HandleNonSuccessAndDebuggerNotification(Task task)
   at Microsoft.AspNetCore.Builder.RouterMiddleware.<Invoke>d__4.MoveNext()
--- End of stack trace from previous location where exception was thrown ---
   at System.Runtime.ExceptionServices.ExceptionDispatchInfo.Throw()
   at System.Runtime.CompilerServices.TaskAwaiter.HandleNonSuccessAndDebuggerNotification(Task task)
   at Microsoft.AspNetCore.Cors.Infrastructure.CorsMiddleware.<Invoke>d__7.MoveNext()
--- End of stack trace from previous location where exception was thrown ---
   at System.Runtime.ExceptionServices.ExceptionDispatchInfo.Throw()
   at System.Runtime.CompilerServices.TaskAwaiter.HandleNonSuccessAndDebuggerNotification(Task task)
   at Microsoft.AspNetCore.Diagnostics.DeveloperExceptionPageMiddleware.<Invoke>d__7.MoveNext()
2018-01-18T12:38:05.8992288+08:00 [INF] (SerilogSample/LT-OME-T-MY) Request finished in 1331.3965ms 200 application/json; charset=utf-8
2018-01-18T12:38:07.1280981+08:00 [INF] (SerilogSample/LT-OME-T-MY) Request finished in 2565.6661ms 500 text/html; charset=utf-8
2018-01-18T12:42:22.8277014+08:00 [INF] (SerilogSample/LT-OME-T-MY) Request starting HTTP/1.1 GET http://localhost:51085/api/graph  
2018-01-18T12:42:22.8661368+08:00 [INF] (SerilogSample/LT-OME-T-MY) GraphController: loaded
2018-01-18T12:42:22.8853593+08:00 [INF] (SerilogSample/LT-OME-T-MY) Executing action method "SCPersonalizationGraph.Controllers.GraphController.Get (SCPersonalizationGraph)" with arguments (null) - ModelState is Valid
2018-01-18T12:42:22.9012610+08:00 [INF] (SerilogSample/LT-OME-T-MY) Executing ObjectResult, writing value "Microsoft.AspNetCore.Mvc.ControllerContext".
2018-01-18T12:42:22.9074563+08:00 [INF] (SerilogSample/LT-OME-T-MY) Executed action "SCPersonalizationGraph.Controllers.GraphController.Get (SCPersonalizationGraph)" in 41.5115ms
2018-01-18T12:42:22.9193153+08:00 [INF] (SerilogSample/LT-OME-T-MY) Request finished in 91.2067ms 200 application/json; charset=utf-8
2018-01-18T12:42:23.2198262+08:00 [INF] (SerilogSample/LT-OME-T-MY) Request starting HTTP/1.1 GET http://localhost:51085/favicon.ico  
2018-01-18T12:42:23.2355822+08:00 [INF] (SerilogSample/LT-OME-T-MY) Request finished in 15.7741ms 200 
2018-01-18T12:43:53.8914682+08:00 [INF] (SerilogSample/LT-OME-T-MY) Request starting HTTP/1.1 GET http://localhost:51085/api/graph  
2018-01-18T12:43:53.8979751+08:00 [INF] (SerilogSample/LT-OME-T-MY) Request starting HTTP/1.1 GET http://localhost:51085/api/graph  
2018-01-18T12:43:53.8981330+08:00 [INF] (SerilogSample/LT-OME-T-MY) Policy execution successful.
2018-01-18T12:43:53.9033378+08:00 [INF] (SerilogSample/LT-OME-T-MY) Policy execution successful.
2018-01-18T12:43:53.9076190+08:00 [INF] (SerilogSample/LT-OME-T-MY) GraphController: loaded
2018-01-18T12:43:53.9324206+08:00 [INF] (SerilogSample/LT-OME-T-MY) GraphController: loaded
2018-01-18T12:43:53.9403439+08:00 [INF] (SerilogSample/LT-OME-T-MY) Executing action method "SCPersonalizationGraph.Controllers.GraphController.Get (SCPersonalizationGraph)" with arguments (null) - ModelState is Valid
2018-01-18T12:43:53.9373594+08:00 [INF] (SerilogSample/LT-OME-T-MY) Executing action method "SCPersonalizationGraph.Controllers.GraphController.Get (SCPersonalizationGraph)" with arguments (null) - ModelState is Valid
2018-01-18T12:43:54.0156136+08:00 [INF] (SerilogSample/LT-OME-T-MY) Executing ObjectResult, writing value "Microsoft.AspNetCore.Mvc.ControllerContext".
2018-01-18T12:43:54.1059998+08:00 [INF] (SerilogSample/LT-OME-T-MY) Executed action "SCPersonalizationGraph.Controllers.GraphController.Get (SCPersonalizationGraph)" in 198.4654ms
2018-01-18T12:43:54.2251779+08:00 [INF] (SerilogSample/LT-OME-T-MY) Request finished in 333.6722ms 200 application/json; charset=utf-8
2018-01-18T12:43:54.3116603+08:00 [INF] (SerilogSample/LT-OME-T-MY) Executed action "SCPersonalizationGraph.Controllers.GraphController.Get (SCPersonalizationGraph)" in 379.2707ms
2018-01-18T12:43:54.6606500+08:00 [ERR] (SerilogSample/LT-OME-T-MY) An unhandled exception has occurred while executing the request
System.InvalidOperationException: There is already an open DataReader associated with this Command which must be closed first.
   at System.Data.SqlClient.SqlInternalConnectionTds.ValidateConnectionForExecute(SqlCommand command)
   at System.Data.SqlClient.SqlCommand.ValidateCommand(Boolean async, String method)
   at System.Data.SqlClient.SqlCommand.RunExecuteReader(CommandBehavior cmdBehavior, RunBehavior runBehavior, Boolean returnStream, TaskCompletionSource`1 completion, Int32 timeout, Task& task, Boolean asyncWrite, String method)
   at System.Data.SqlClient.SqlCommand.ExecuteReader(CommandBehavior behavior)
   at System.Data.Common.DbCommand.System.Data.IDbCommand.ExecuteReader(CommandBehavior behavior)
   at System.Data.Common.DbDataAdapter.FillInternal(DataSet dataset, DataTable[] datatables, Int32 startRecord, Int32 maxRecords, String srcTable, IDbCommand command, CommandBehavior behavior)
   at System.Data.Common.DbDataAdapter.Fill(DataSet dataSet, Int32 startRecord, Int32 maxRecords, String srcTable, IDbCommand command, CommandBehavior behavior)
   at System.Data.Common.DbDataAdapter.Fill(DataSet dataSet)
   at SCPersonalizationGraph.Model.SQLDB.<GetData>d__2.MoveNext() in C:\playground\ScPersonalizationGraph\SCPersonalizationGraph\SCPersonalizationGraph\Model\SQLDB.cs:line 29
--- End of stack trace from previous location where exception was thrown ---
   at System.Runtime.ExceptionServices.ExceptionDispatchInfo.Throw()
   at System.Runtime.CompilerServices.TaskAwaiter.HandleNonSuccessAndDebuggerNotification(Task task)
   at System.Runtime.CompilerServices.TaskAwaiter`1.GetResult()
   at SCPersonalizationGraph.Controllers.GraphController.<Get>d__2.MoveNext() in C:\playground\ScPersonalizationGraph\SCPersonalizationGraph\SCPersonalizationGraph\Controllers\GraphController.cs:line 30
--- End of stack trace from previous location where exception was thrown ---
   at System.Runtime.ExceptionServices.ExceptionDispatchInfo.Throw()
   at System.Runtime.CompilerServices.TaskAwaiter.HandleNonSuccessAndDebuggerNotification(Task task)
   at lambda_method(Closure , Object )
   at Microsoft.Extensions.Internal.ObjectMethodExecutorAwaitable.Awaiter.GetResult()
   at Microsoft.AspNetCore.Mvc.Internal.ControllerActionInvoker.<InvokeActionMethodAsync>d__12.MoveNext()
--- End of stack trace from previous location where exception was thrown ---
   at System.Runtime.ExceptionServices.ExceptionDispatchInfo.Throw()
   at System.Runtime.CompilerServices.TaskAwaiter.HandleNonSuccessAndDebuggerNotification(Task task)
   at Microsoft.AspNetCore.Mvc.Internal.ControllerActionInvoker.<InvokeNextActionFilterAsync>d__10.MoveNext()
--- End of stack trace from previous location where exception was thrown ---
   at System.Runtime.ExceptionServices.ExceptionDispatchInfo.Throw()
   at Microsoft.AspNetCore.Mvc.Internal.ControllerActionInvoker.Rethrow(ActionExecutedContext context)
   at Microsoft.AspNetCore.Mvc.Internal.ControllerActionInvoker.Next(State& next, Scope& scope, Object& state, Boolean& isCompleted)
   at Microsoft.AspNetCore.Mvc.Internal.ControllerActionInvoker.<InvokeInnerFilterAsync>d__14.MoveNext()
--- End of stack trace from previous location where exception was thrown ---
   at System.Runtime.ExceptionServices.ExceptionDispatchInfo.Throw()
   at System.Runtime.CompilerServices.TaskAwaiter.HandleNonSuccessAndDebuggerNotification(Task task)
   at Microsoft.AspNetCore.Mvc.Internal.ResourceInvoker.<InvokeNextResourceFilter>d__22.MoveNext()
--- End of stack trace from previous location where exception was thrown ---
   at System.Runtime.ExceptionServices.ExceptionDispatchInfo.Throw()
   at Microsoft.AspNetCore.Mvc.Internal.ResourceInvoker.Rethrow(ResourceExecutedContext context)
   at Microsoft.AspNetCore.Mvc.Internal.ResourceInvoker.Next(State& next, Scope& scope, Object& state, Boolean& isCompleted)
   at Microsoft.AspNetCore.Mvc.Internal.ResourceInvoker.<InvokeFilterPipelineAsync>d__17.MoveNext()
--- End of stack trace from previous location where exception was thrown ---
   at System.Runtime.ExceptionServices.ExceptionDispatchInfo.Throw()
   at System.Runtime.CompilerServices.TaskAwaiter.HandleNonSuccessAndDebuggerNotification(Task task)
   at Microsoft.AspNetCore.Mvc.Internal.ResourceInvoker.<InvokeAsync>d__15.MoveNext()
--- End of stack trace from previous location where exception was thrown ---
   at System.Runtime.ExceptionServices.ExceptionDispatchInfo.Throw()
   at System.Runtime.CompilerServices.TaskAwaiter.HandleNonSuccessAndDebuggerNotification(Task task)
   at Microsoft.AspNetCore.Builder.RouterMiddleware.<Invoke>d__4.MoveNext()
--- End of stack trace from previous location where exception was thrown ---
   at System.Runtime.ExceptionServices.ExceptionDispatchInfo.Throw()
   at System.Runtime.CompilerServices.TaskAwaiter.HandleNonSuccessAndDebuggerNotification(Task task)
   at Microsoft.AspNetCore.Cors.Infrastructure.CorsMiddleware.<Invoke>d__7.MoveNext()
--- End of stack trace from previous location where exception was thrown ---
   at System.Runtime.ExceptionServices.ExceptionDispatchInfo.Throw()
   at System.Runtime.CompilerServices.TaskAwaiter.HandleNonSuccessAndDebuggerNotification(Task task)
   at Microsoft.AspNetCore.Diagnostics.DeveloperExceptionPageMiddleware.<Invoke>d__7.MoveNext()
2018-01-18T12:43:55.8675868+08:00 [INF] (SerilogSample/LT-OME-T-MY) Request finished in 1969.5223ms 500 text/html; charset=utf-8
2018-01-18T12:47:02.5007204+08:00 [INF] (SerilogSample/LT-OME-T-MY) User profile is available. Using '"C:\Users\ome\AppData\Local\ASP.NET\DataProtection-Keys"' as key repository and Windows DPAPI to encrypt keys at rest.
2018-01-18T12:47:11.4075362+08:00 [INF] (SerilogSample/LT-OME-T-MY) Request starting HTTP/1.1 GET http://localhost:51085/  
2018-01-18T12:47:11.6676554+08:00 [INF] (SerilogSample/LT-OME-T-MY) Request finished in 274.8459ms 200 
2018-01-18T12:47:11.7590219+08:00 [INF] (SerilogSample/LT-OME-T-MY) Request starting HTTP/1.1 GET http://localhost:51085/favicon.ico  
2018-01-18T12:47:11.7818923+08:00 [INF] (SerilogSample/LT-OME-T-MY) Request finished in 22.9527ms 200 
2018-01-18T12:47:17.6326153+08:00 [INF] (SerilogSample/LT-OME-T-MY) Request starting HTTP/1.1 GET http://localhost:51085/api/graph  
2018-01-18T12:47:17.6379766+08:00 [INF] (SerilogSample/LT-OME-T-MY) Request starting HTTP/1.1 GET http://localhost:51085/api/graph  
2018-01-18T12:47:17.6439745+08:00 [INF] (SerilogSample/LT-OME-T-MY) Policy execution successful.
2018-01-18T12:47:17.6440854+08:00 [INF] (SerilogSample/LT-OME-T-MY) Policy execution successful.
2018-01-18T12:47:17.7494986+08:00 [INF] (SerilogSample/LT-OME-T-MY) GraphController: loaded
2018-01-18T12:47:17.7500892+08:00 [INF] (SerilogSample/LT-OME-T-MY) GraphController: loaded
2018-01-18T12:47:17.7789016+08:00 [INF] (SerilogSample/LT-OME-T-MY) Executing action method "SCPersonalizationGraph.Controllers.GraphController.Get (SCPersonalizationGraph)" with arguments (null) - ModelState is Valid
2018-01-18T12:47:17.9752505+08:00 [INF] (SerilogSample/LT-OME-T-MY) Executing action method "SCPersonalizationGraph.Controllers.GraphController.Get (SCPersonalizationGraph)" with arguments (null) - ModelState is Valid
2018-01-18T12:47:19.6309941+08:00 [INF] (SerilogSample/LT-OME-T-MY) Executed action "SCPersonalizationGraph.Controllers.GraphController.Get (SCPersonalizationGraph)" in 1883.7194ms
2018-01-18T12:47:19.6387949+08:00 [ERR] (SerilogSample/LT-OME-T-MY) An unhandled exception has occurred while executing the request
System.InvalidOperationException: There is already an open DataReader associated with this Command which must be closed first.
   at System.Data.SqlClient.SqlInternalConnectionTds.ValidateConnectionForExecute(SqlCommand command)
   at System.Data.SqlClient.SqlCommand.ValidateCommand(Boolean async, String method)
   at System.Data.SqlClient.SqlCommand.RunExecuteReader(CommandBehavior cmdBehavior, RunBehavior runBehavior, Boolean returnStream, TaskCompletionSource`1 completion, Int32 timeout, Task& task, Boolean asyncWrite, String method)
   at System.Data.SqlClient.SqlCommand.ExecuteReader(CommandBehavior behavior)
   at System.Data.Common.DbCommand.System.Data.IDbCommand.ExecuteReader(CommandBehavior behavior)
   at System.Data.Common.DbDataAdapter.FillInternal(DataSet dataset, DataTable[] datatables, Int32 startRecord, Int32 maxRecords, String srcTable, IDbCommand command, CommandBehavior behavior)
   at System.Data.Common.DbDataAdapter.Fill(DataSet dataSet, Int32 startRecord, Int32 maxRecords, String srcTable, IDbCommand command, CommandBehavior behavior)
   at System.Data.Common.DbDataAdapter.Fill(DataSet dataSet)
   at SCPersonalizationGraph.Model.SQLDB.<GetData>d__2.MoveNext() in C:\playground\ScPersonalizationGraph\SCPersonalizationGraph\SCPersonalizationGraph\Model\SQLDB.cs:line 29
--- End of stack trace from previous location where exception was thrown ---
   at System.Runtime.ExceptionServices.ExceptionDispatchInfo.Throw()
   at System.Runtime.CompilerServices.TaskAwaiter.HandleNonSuccessAndDebuggerNotification(Task task)
   at System.Runtime.CompilerServices.TaskAwaiter`1.GetResult()
   at SCPersonalizationGraph.Controllers.GraphController.<Get>d__2.MoveNext() in C:\playground\ScPersonalizationGraph\SCPersonalizationGraph\SCPersonalizationGraph\Controllers\GraphController.cs:line 30
--- End of stack trace from previous location where exception was thrown ---
   at System.Runtime.ExceptionServices.ExceptionDispatchInfo.Throw()
   at System.Runtime.CompilerServices.TaskAwaiter.HandleNonSuccessAndDebuggerNotification(Task task)
   at lambda_method(Closure , Object )
   at Microsoft.Extensions.Internal.ObjectMethodExecutorAwaitable.Awaiter.GetResult()
   at Microsoft.AspNetCore.Mvc.Internal.ControllerActionInvoker.<InvokeActionMethodAsync>d__12.MoveNext()
--- End of stack trace from previous location where exception was thrown ---
   at System.Runtime.ExceptionServices.ExceptionDispatchInfo.Throw()
   at System.Runtime.CompilerServices.TaskAwaiter.HandleNonSuccessAndDebuggerNotification(Task task)
   at Microsoft.AspNetCore.Mvc.Internal.ControllerActionInvoker.<InvokeNextActionFilterAsync>d__10.MoveNext()
--- End of stack trace from previous location where exception was thrown ---
   at System.Runtime.ExceptionServices.ExceptionDispatchInfo.Throw()
   at Microsoft.AspNetCore.Mvc.Internal.ControllerActionInvoker.Rethrow(ActionExecutedContext context)
   at Microsoft.AspNetCore.Mvc.Internal.ControllerActionInvoker.Next(State& next, Scope& scope, Object& state, Boolean& isCompleted)
   at Microsoft.AspNetCore.Mvc.Internal.ControllerActionInvoker.<InvokeInnerFilterAsync>d__14.MoveNext()
--- End of stack trace from previous location where exception was thrown ---
   at System.Runtime.ExceptionServices.ExceptionDispatchInfo.Throw()
   at System.Runtime.CompilerServices.TaskAwaiter.HandleNonSuccessAndDebuggerNotification(Task task)
   at Microsoft.AspNetCore.Mvc.Internal.ResourceInvoker.<InvokeNextResourceFilter>d__22.MoveNext()
--- End of stack trace from previous location where exception was thrown ---
   at System.Runtime.ExceptionServices.ExceptionDispatchInfo.Throw()
   at Microsoft.AspNetCore.Mvc.Internal.ResourceInvoker.Rethrow(ResourceExecutedContext context)
   at Microsoft.AspNetCore.Mvc.Internal.ResourceInvoker.Next(State& next, Scope& scope, Object& state, Boolean& isCompleted)
   at Microsoft.AspNetCore.Mvc.Internal.ResourceInvoker.<InvokeFilterPipelineAsync>d__17.MoveNext()
--- End of stack trace from previous location where exception was thrown ---
   at System.Runtime.ExceptionServices.ExceptionDispatchInfo.Throw()
   at System.Runtime.CompilerServices.TaskAwaiter.HandleNonSuccessAndDebuggerNotification(Task task)
   at Microsoft.AspNetCore.Mvc.Internal.ResourceInvoker.<InvokeAsync>d__15.MoveNext()
--- End of stack trace from previous location where exception was thrown ---
   at System.Runtime.ExceptionServices.ExceptionDispatchInfo.Throw()
   at System.Runtime.CompilerServices.TaskAwaiter.HandleNonSuccessAndDebuggerNotification(Task task)
   at Microsoft.AspNetCore.Builder.RouterMiddleware.<Invoke>d__4.MoveNext()
--- End of stack trace from previous location where exception was thrown ---
   at System.Runtime.ExceptionServices.ExceptionDispatchInfo.Throw()
   at System.Runtime.CompilerServices.TaskAwaiter.HandleNonSuccessAndDebuggerNotification(Task task)
   at Microsoft.AspNetCore.Cors.Infrastructure.CorsMiddleware.<Invoke>d__7.MoveNext()
--- End of stack trace from previous location where exception was thrown ---
   at System.Runtime.ExceptionServices.ExceptionDispatchInfo.Throw()
   at System.Runtime.CompilerServices.TaskAwaiter.HandleNonSuccessAndDebuggerNotification(Task task)
   at Microsoft.AspNetCore.Diagnostics.DeveloperExceptionPageMiddleware.<Invoke>d__7.MoveNext()
2018-01-18T12:47:19.6628709+08:00 [INF] (SerilogSample/LT-OME-T-MY) Executing ObjectResult, writing value "Microsoft.AspNetCore.Mvc.ControllerContext".
2018-01-18T12:47:20.2581885+08:00 [INF] (SerilogSample/LT-OME-T-MY) Executed action "SCPersonalizationGraph.Controllers.GraphController.Get (SCPersonalizationGraph)" in 2516.1663ms
2018-01-18T12:47:20.2707715+08:00 [INF] (SerilogSample/LT-OME-T-MY) Request finished in 2632.7788ms 200 application/json; charset=utf-8
2018-01-18T12:47:20.8578951+08:00 [INF] (SerilogSample/LT-OME-T-MY) Request finished in 3225.5115ms 500 text/html; charset=utf-8
2018-01-18T12:48:38.3957794+08:00 [INF] (SerilogSample/LT-OME-T-MY) Request starting HTTP/1.1 GET http://localhost:51085/api/graph  
2018-01-18T12:48:38.4148214+08:00 [INF] (SerilogSample/LT-OME-T-MY) Policy execution successful.
2018-01-18T12:48:38.4449116+08:00 [INF] (SerilogSample/LT-OME-T-MY) GraphController: loaded
2018-01-18T12:48:38.4558090+08:00 [INF] (SerilogSample/LT-OME-T-MY) Executing action method "SCPersonalizationGraph.Controllers.GraphController.Get (SCPersonalizationGraph)" with arguments (null) - ModelState is Valid
2018-01-18T12:48:38.7232001+08:00 [INF] (SerilogSample/LT-OME-T-MY) Executing ObjectResult, writing value "Microsoft.AspNetCore.Mvc.ControllerContext".
2018-01-18T12:48:39.0070157+08:00 [INF] (SerilogSample/LT-OME-T-MY) Executed action "SCPersonalizationGraph.Controllers.GraphController.Get (SCPersonalizationGraph)" in 562.2404ms
2018-01-18T12:48:40.0428090+08:00 [INF] (SerilogSample/LT-OME-T-MY) Request finished in 1646.3099ms 200 application/json; charset=utf-8
2018-01-18T12:49:05.5133619+08:00 [INF] (SerilogSample/LT-OME-T-MY) Request starting HTTP/1.1 GET http://localhost:51085/favicon.ico  
2018-01-18T12:49:05.6769177+08:00 [INF] (SerilogSample/LT-OME-T-MY) Request finished in 163.6088ms 200 
2018-01-18T12:51:38.7442945+08:00 [INF] (SerilogSample/LT-OME-T-MY) Request starting HTTP/1.1 GET http://localhost:51085/api/graph  
2018-01-18T12:51:38.7528131+08:00 [INF] (SerilogSample/LT-OME-T-MY) Policy execution successful.
2018-01-18T12:51:38.7597297+08:00 [INF] (SerilogSample/LT-OME-T-MY) GraphController: loaded
2018-01-18T12:51:38.7635959+08:00 [INF] (SerilogSample/LT-OME-T-MY) Executing action method "SCPersonalizationGraph.Controllers.GraphController.Get (SCPersonalizationGraph)" with arguments (null) - ModelState is Valid
2018-01-18T12:51:38.7748426+08:00 [INF] (SerilogSample/LT-OME-T-MY) Executing ObjectResult, writing value "Microsoft.AspNetCore.Mvc.ControllerContext".
2018-01-18T12:51:38.7779703+08:00 [INF] (SerilogSample/LT-OME-T-MY) Executed action "SCPersonalizationGraph.Controllers.GraphController.Get (SCPersonalizationGraph)" in 18.2425ms
2018-01-18T12:51:38.7827864+08:00 [INF] (SerilogSample/LT-OME-T-MY) Request finished in 38.5133ms 200 application/json; charset=utf-8
2018-01-18T12:53:32.2921185+08:00 [INF] (SerilogSample/LT-OME-T-MY) Request starting HTTP/1.1 GET http://localhost:51085/api/graph  
2018-01-18T12:53:32.2992084+08:00 [INF] (SerilogSample/LT-OME-T-MY) Policy execution successful.
2018-01-18T12:53:32.3057279+08:00 [INF] (SerilogSample/LT-OME-T-MY) GraphController: loaded
2018-01-18T12:53:32.3108072+08:00 [INF] (SerilogSample/LT-OME-T-MY) Executing action method "SCPersonalizationGraph.Controllers.GraphController.Get (SCPersonalizationGraph)" with arguments (null) - ModelState is Valid
2018-01-18T12:53:32.3227361+08:00 [INF] (SerilogSample/LT-OME-T-MY) Executing ObjectResult, writing value "Microsoft.AspNetCore.Mvc.ControllerContext".
2018-01-18T12:53:32.3311378+08:00 [INF] (SerilogSample/LT-OME-T-MY) Executed action "SCPersonalizationGraph.Controllers.GraphController.Get (SCPersonalizationGraph)" in 25.3497ms
2018-01-18T12:53:32.3386229+08:00 [INF] (SerilogSample/LT-OME-T-MY) Request finished in 46.5126ms 200 application/json; charset=utf-8
